<?xml version="1.0" encoding="UTF-8"?>
<!-- Generated by org.testng.reporters.JUnitXMLReporter -->
<testsuite ignored="4" hostname="DESKTOP-6SK6VHN" failures="0" tests="6" name="Test" time="0.167" errors="0" timestamp="2022-11-16T17:47:08 IST">
  <testcase classname="TestNGxml.testing2" name="I" time="0.017"/>
  <testcase classname="TestNGxml.testing2" name="J" time="0.002"/>
  <testcase classname="TestNGxml.testing2" name="K" time="0.003"/>
  <testcase classname="TestNGxml.testing1" name="A" time="0.002"/>
  <testcase classname="TestNGxml.testing1" name="B" time="0.004"/>
  <testcase classname="TestNGxml.testing1" name="C" time="0.002"/>
  <testcase classname="TestNGxml.testing2" name="H" time="0.0">
    <ignored/>
  </testcase> <!-- H -->
  <testcase classname="TestNGxml.testing1" name="E" time="0.0">
    <ignored/>
  </testcase> <!-- E -->
  <testcase classname="TestNGxml.testing1" name="D" time="0.0">
    <ignored/>
  </testcase> <!-- D -->
  <testcase classname="TestNGxml.testing2" name="L" time="0.0">
    <ignored/>
  </testcase> <!-- L -->
</testsuite> <!-- Test -->
